<?xml version="1.0" encoding="UTF-8"?>
<!-- Generated by org.testng.reporters.JUnitXMLReporter -->
<testsuite hostname="DESKTOP-HHJ4EMQ" ignored="0" name="Test" tests="1" failures="1" timestamp="13 Jan 2021 05:23:02 GMT" time="9.843" errors="0">
  <testcase name="lauchbrowser" time="9.811" classname="org.samp.Testng">
    <failure type="java.lang.NullPointerException">
      <![CDATA[java.lang.NullPointerException
at org.openqa.selenium.support.pagefactory.DefaultElementLocator.findElement(DefaultElementLocator.java:69)
at org.openqa.selenium.support.pagefactory.internal.LocatingElementHandler.invoke(LocatingElementHandler.java:38)
at com.sun.proxy.$Proxy7.sendKeys(Unknown Source)
at org.samp.BaseClass.elementSendkeys(BaseClass.java:37)
at org.samp.Testng.lauchbrowser(Testng.java:18)
... Removed 25 stack frames]]>
    </failure>
  </testcase> <!-- lauchbrowser -->
</testsuite> <!-- Test -->
